I, [2018-12-11T03:12:28.399594 #26307]  INFO -- : Request: GET /tests
I, [2018-12-11T03:12:28.399747 #26307]  INFO -- : Handler: TestsController#index
I, [2018-12-11T03:12:28.399816 #26307]  INFO -- : Parameters: {}
I, [2018-12-11T03:12:28.399855 #26307]  INFO -- : Response: 201 Created [text/plain] 
I, [2018-12-11T03:13:17.640638 #26328]  INFO -- : Request: GET /tests/1
I, [2018-12-11T03:13:17.640796 #26328]  INFO -- : Handler: TestsController#show
I, [2018-12-11T03:13:17.640849 #26328]  INFO -- : Parameters: {:id=>"1"}
I, [2018-12-11T03:13:17.640891 #26328]  INFO -- : Response: 200 OK [text/html] tests/show.html.erb
I, [2018-12-11T03:13:19.539017 #26328]  INFO -- : Request: GET /tests/2
I, [2018-12-11T03:13:19.539084 #26328]  INFO -- : Handler: TestsController#show
I, [2018-12-11T03:13:19.539117 #26328]  INFO -- : Parameters: {:id=>"2"}
I, [2018-12-11T03:13:19.539144 #26328]  INFO -- : Response: 200 OK [text/html] tests/show.html.erb
I, [2018-12-11T03:13:34.043761 #26328]  INFO -- : Request: GET /tests/1
I, [2018-12-11T03:13:34.043885 #26328]  INFO -- : Handler: TestsController#show
I, [2018-12-11T03:13:34.043959 #26328]  INFO -- : Parameters: {:id=>"1"}
I, [2018-12-11T03:13:34.044020 #26328]  INFO -- : Response: 200 OK [text/html] tests/show.html.erb
I, [2018-12-11T03:13:53.720883 #26328]  INFO -- : Request: GET /tests
I, [2018-12-11T03:13:53.721013 #26328]  INFO -- : Handler: TestsController#index
I, [2018-12-11T03:13:53.721099 #26328]  INFO -- : Parameters: {}
I, [2018-12-11T03:13:53.721174 #26328]  INFO -- : Response: 201 Created [text/plain] 
I, [2019-02-11T13:06:38.520891 #11311]  INFO -- : Request: GET /tests
I, [2019-02-11T13:06:38.521397 #11311]  INFO -- : Handler: TestsController#index
I, [2019-02-11T13:06:38.521555 #11311]  INFO -- : Parameters: {}
I, [2019-02-11T13:06:38.521627 #11311]  INFO -- : Response: 201 Created [text/plain] 
I, [2019-02-11T13:06:43.766737 #11311]  INFO -- : Request: GET /tests
I, [2019-02-11T13:06:43.766803 #11311]  INFO -- : Handler: TestsController#index
I, [2019-02-11T13:06:43.766842 #11311]  INFO -- : Parameters: {}
I, [2019-02-11T13:06:43.766865 #11311]  INFO -- : Response: 201 Created [text/plain] 
I, [2019-02-11T13:06:47.356038 #11311]  INFO -- : Request: GET /tests/1
I, [2019-02-11T13:06:47.356095 #11311]  INFO -- : Handler: TestsController#show
I, [2019-02-11T13:06:47.356123 #11311]  INFO -- : Parameters: {:id=>"1"}
I, [2019-02-11T13:06:47.356145 #11311]  INFO -- : Response: 200 OK [text/html] tests/show.html.erb
I, [2019-02-11T19:40:31.966192 #12255]  INFO -- : Request: GET /tests
I, [2019-02-11T19:40:31.966753 #12255]  INFO -- : Handler: TestsController#index
I, [2019-02-11T19:40:31.966904 #12255]  INFO -- : Parameters: {}
I, [2019-02-11T19:40:31.966970 #12255]  INFO -- : Response: 201 Created [text/plain] 
I, [2019-02-11T19:40:38.606832 #12255]  INFO -- : Request: GET /tests/1
I, [2019-02-11T19:40:38.606998 #12255]  INFO -- : Handler: TestsController#show
I, [2019-02-11T19:40:38.607084 #12255]  INFO -- : Parameters: {:id=>"1"}
I, [2019-02-11T19:40:38.607142 #12255]  INFO -- : Response: 200 OK [text/html] tests/show.html.erb
I, [2019-02-11T19:40:54.357352 #12255]  INFO -- : Request: GET /tests
I, [2019-02-11T19:40:54.357435 #12255]  INFO -- : Handler: TestsController#index
I, [2019-02-11T19:40:54.357492 #12255]  INFO -- : Parameters: {}
I, [2019-02-11T19:40:54.357530 #12255]  INFO -- : Response: 201 Created [text/plain] 
I, [2019-02-11T19:48:23.132768 #12327]  INFO -- : Request: GET /tests/1
I, [2019-02-11T19:48:23.132865 #12327]  INFO -- : Handler: TestsController#show
I, [2019-02-11T19:48:23.132897 #12327]  INFO -- : Parameters: {:id=>"1"}
I, [2019-02-11T19:48:23.132932 #12327]  INFO -- : Response: 200 OK [text/html] tests/show.html.erb
I, [2019-02-11T19:48:25.907078 #12327]  INFO -- : Request: GET /tests/1
I, [2019-02-11T19:48:25.907136 #12327]  INFO -- : Handler: TestsController#show
I, [2019-02-11T19:48:25.907164 #12327]  INFO -- : Parameters: {:id=>"1"}
I, [2019-02-11T19:48:25.907192 #12327]  INFO -- : Response: 200 OK [text/html] tests/show.html.erb
I, [2019-02-11T19:48:34.728462 #12327]  INFO -- : Request: GET /tests
I, [2019-02-11T19:48:34.728542 #12327]  INFO -- : Handler: TestsController#index
I, [2019-02-11T19:48:34.728582 #12327]  INFO -- : Parameters: {}
I, [2019-02-11T19:48:34.728604 #12327]  INFO -- : Response: 201 Created [text/plain] 
I, [2019-02-11T20:41:21.130517 #12840]  INFO -- : Request: GET /tests
I, [2019-02-11T20:41:21.130668 #12840]  INFO -- : Handler: TestsController#index
I, [2019-02-11T20:41:21.130827 #12840]  INFO -- : Parameters: {}
I, [2019-02-11T20:41:21.130886 #12840]  INFO -- : Response: 201 Created [text/plain] 
I, [2019-02-11T20:41:24.950941 #12840]  INFO -- : Request: GET /tests/1
I, [2019-02-11T20:41:24.951000 #12840]  INFO -- : Handler: TestsController#show
I, [2019-02-11T20:41:24.951026 #12840]  INFO -- : Parameters: {:id=>"1"}
I, [2019-02-11T20:41:24.951048 #12840]  INFO -- : Response: 200 OK [text/html] tests/show.html.erb
I, [2019-02-11T20:41:32.506301 #12840]  INFO -- : Request: GET /test/1
I, [2019-02-11T20:41:32.506373 #12840]  INFO -- : Handler: #
I, [2019-02-11T20:41:32.506399 #12840]  INFO -- : Parameters: 
I, [2019-02-11T20:41:32.506423 #12840]  INFO -- : Response: 404 Not Found [text/plain] 
I, [2019-02-11T20:43:13.041298 #12840]  INFO -- : Request: GET /test/1
I, [2019-02-11T20:43:13.041373 #12840]  INFO -- : Handler: #
I, [2019-02-11T20:43:13.041401 #12840]  INFO -- : Parameters: 
I, [2019-02-11T20:43:13.041428 #12840]  INFO -- : Response: 404 Not Found [text/plain] 
I, [2019-02-11T20:43:18.607152 #12840]  INFO -- : Request: GET /tests/1
I, [2019-02-11T20:43:18.607212 #12840]  INFO -- : Handler: TestsController#show
I, [2019-02-11T20:43:18.607241 #12840]  INFO -- : Parameters: {:id=>"1"}
I, [2019-02-11T20:43:18.607266 #12840]  INFO -- : Response: 200 OK [text/html] tests/show.html.erb
I, [2019-02-11T20:43:26.130821 #12840]  INFO -- : Request: GET /tests
I, [2019-02-11T20:43:26.130886 #12840]  INFO -- : Handler: TestsController#index
I, [2019-02-11T20:43:26.130930 #12840]  INFO -- : Parameters: {}
I, [2019-02-11T20:43:26.130956 #12840]  INFO -- : Response: 201 Created [text/plain] 
I, [2019-02-11T20:43:33.366645 #12840]  INFO -- : Request: GET /tests
I, [2019-02-11T20:43:33.366714 #12840]  INFO -- : Handler: TestsController#index
I, [2019-02-11T20:43:33.366759 #12840]  INFO -- : Parameters: {}
I, [2019-02-11T20:43:33.366785 #12840]  INFO -- : Response: 201 Created [text/plain] 
I, [2019-02-11T20:43:51.855005 #12840]  INFO -- : Request: GET /tests
I, [2019-02-11T20:43:51.855076 #12840]  INFO -- : Handler: TestsController#index
I, [2019-02-11T20:43:51.855122 #12840]  INFO -- : Parameters: {}
I, [2019-02-11T20:43:51.855151 #12840]  INFO -- : Response: 201 Created [text/plain] 
I, [2019-02-11T20:43:55.962167 #12840]  INFO -- : Request: GET /tests/1
I, [2019-02-11T20:43:55.962230 #12840]  INFO -- : Handler: TestsController#show
I, [2019-02-11T20:43:55.962260 #12840]  INFO -- : Parameters: {:id=>"1"}
I, [2019-02-11T20:43:55.962286 #12840]  INFO -- : Response: 200 OK [text/html] tests/show.html.erb
I, [2019-02-11T20:45:49.851679 #12893]  INFO -- : Request: GET /tests
I, [2019-02-11T20:45:49.851790 #12893]  INFO -- : Handler: TestsController#index
I, [2019-02-11T20:45:49.851819 #12893]  INFO -- : Parameters: {}
I, [2019-02-11T20:45:49.851846 #12893]  INFO -- : Response: 201 Created [text/plain] 
I, [2019-02-11T20:45:52.861357 #12893]  INFO -- : Request: GET /tests/1
I, [2019-02-11T20:45:52.861415 #12893]  INFO -- : Handler: TestsController#show
I, [2019-02-11T20:45:52.861444 #12893]  INFO -- : Parameters: {:id=>"1"}
I, [2019-02-11T20:45:52.861468 #12893]  INFO -- : Response: 200 OK [text/html] tests/show.html.erb
I, [2019-02-12T21:49:02.488243 #15817]  INFO -- : Request: GET /tests
I, [2019-02-12T21:49:02.488337 #15817]  INFO -- : Handler: TestsController#index
I, [2019-02-12T21:49:02.488388 #15817]  INFO -- : Parameters: {}
I, [2019-02-12T21:49:02.488427 #15817]  INFO -- : Response: 201 Created [text/plain] 
I, [2019-02-12T21:52:22.913517 #15848]  INFO -- : Request: GET /tests/1
I, [2019-02-12T21:52:22.913630 #15848]  INFO -- : Handler: TestsController#show
I, [2019-02-12T21:52:22.913669 #15848]  INFO -- : Parameters: {}
I, [2019-02-12T21:52:22.913692 #15848]  INFO -- : Response: 200 OK [text/html] tests/show.html.erb
I, [2019-02-12T21:52:26.165589 #15848]  INFO -- : Request: GET /tests
I, [2019-02-12T21:52:26.165660 #15848]  INFO -- : Handler: TestsController#index
I, [2019-02-12T21:52:26.165698 #15848]  INFO -- : Parameters: {}
I, [2019-02-12T21:52:26.165720 #15848]  INFO -- : Response: 201 Created [text/plain] 
I, [2019-02-12T21:52:28.106029 #15848]  INFO -- : Request: GET /tests/1
I, [2019-02-12T21:52:28.106086 #15848]  INFO -- : Handler: TestsController#show
I, [2019-02-12T21:52:28.106110 #15848]  INFO -- : Parameters: {}
I, [2019-02-12T21:52:28.106134 #15848]  INFO -- : Response: 200 OK [text/html] tests/show.html.erb
I, [2019-02-12T21:56:24.491514 #15914]  INFO -- : Request: GET /tests
I, [2019-02-12T21:56:24.491620 #15914]  INFO -- : Handler: TestsController#index
I, [2019-02-12T21:56:24.491679 #15914]  INFO -- : Parameters: {}
I, [2019-02-12T21:56:24.491711 #15914]  INFO -- : Response: 201 Created [text/plain] 
I, [2019-02-12T21:56:27.020562 #15914]  INFO -- : Request: GET /tests/1
I, [2019-02-12T21:56:27.020621 #15914]  INFO -- : Handler: TestsController#show
I, [2019-02-12T21:56:27.020646 #15914]  INFO -- : Parameters: {}
I, [2019-02-12T21:56:27.020670 #15914]  INFO -- : Response: 200 OK [text/html] tests/show.html.erb
I, [2019-02-12T22:03:19.269680 #15992]  INFO -- : Request: GET /tests
I, [2019-02-12T22:03:19.269786 #15992]  INFO -- : Handler: TestsController#index
I, [2019-02-12T22:03:19.269873 #15992]  INFO -- : Parameters: {}
I, [2019-02-12T22:03:19.269909 #15992]  INFO -- : Response: 201 Created [text/plain] 
I, [2019-02-12T22:03:24.405638 #15992]  INFO -- : Request: GET /tests/1
I, [2019-02-12T22:03:24.405704 #15992]  INFO -- : Handler: TestsController#show
I, [2019-02-12T22:03:24.405732 #15992]  INFO -- : Parameters: {}
I, [2019-02-12T22:03:24.405759 #15992]  INFO -- : Response: 200 OK [text/html] tests/show.html.erb
I, [2019-02-15T22:08:35.210477 #37270]  INFO -- : Request: GET ///tests///1
I, [2019-02-15T22:08:35.210828 #37270]  INFO -- : Handler: #
I, [2019-02-15T22:08:35.210877 #37270]  INFO -- : Parameters: 
I, [2019-02-15T22:08:35.210926 #37270]  INFO -- : Response: 404 Not Found [text/plain] 
I, [2019-02-15T22:08:44.531441 #37270]  INFO -- : Request: GET /tests/1
I, [2019-02-15T22:08:44.531551 #37270]  INFO -- : Handler: TestsController#show
I, [2019-02-15T22:08:44.531602 #37270]  INFO -- : Parameters: {}
I, [2019-02-15T22:08:44.531646 #37270]  INFO -- : Response: 200 OK [text/html] tests/show.html.erb
I, [2019-02-15T22:08:48.299453 #37270]  INFO -- : Request: GET /tests//1
I, [2019-02-15T22:08:48.299516 #37270]  INFO -- : Handler: #
I, [2019-02-15T22:08:48.299541 #37270]  INFO -- : Parameters: 
I, [2019-02-15T22:08:48.299563 #37270]  INFO -- : Response: 404 Not Found [text/plain] 
I, [2019-02-15T22:08:53.354104 #37270]  INFO -- : Request: GET /tests/1
I, [2019-02-15T22:08:53.354162 #37270]  INFO -- : Handler: TestsController#show
I, [2019-02-15T22:08:53.354185 #37270]  INFO -- : Parameters: {}
I, [2019-02-15T22:08:53.354207 #37270]  INFO -- : Response: 200 OK [text/html] tests/show.html.erb
I, [2019-02-15T22:09:21.474903 #37282]  INFO -- : Request: GET /tests/1
I, [2019-02-15T22:09:21.474991 #37282]  INFO -- : Handler: TestsController#show
I, [2019-02-15T22:09:21.475020 #37282]  INFO -- : Parameters: {}
I, [2019-02-15T22:09:21.475047 #37282]  INFO -- : Response: 200 OK [text/html] tests/show.html.erb
I, [2019-02-15T22:09:26.254065 #37282]  INFO -- : Request: GET /////tests////1
I, [2019-02-15T22:09:26.254124 #37282]  INFO -- : Handler: TestsController#show
I, [2019-02-15T22:09:26.254149 #37282]  INFO -- : Parameters: {}
I, [2019-02-15T22:09:26.254172 #37282]  INFO -- : Response: 200 OK [text/html] tests/show.html.erb
I, [2019-02-15T22:17:27.751285 #37374]  INFO -- : Request: GET /tests/1
I, [2019-02-15T22:17:27.751378 #37374]  INFO -- : Handler: TestsController#show
I, [2019-02-15T22:17:27.751406 #37374]  INFO -- : Parameters: {}
I, [2019-02-15T22:17:27.751433 #37374]  INFO -- : Response: 200 OK [text/html] tests/show.html.erb
I, [2019-02-15T22:17:32.761937 #37374]  INFO -- : Request: GET /tests
I, [2019-02-15T22:17:32.761994 #37374]  INFO -- : Handler: TestsController#index
I, [2019-02-15T22:17:32.762029 #37374]  INFO -- : Parameters: {}
I, [2019-02-15T22:17:32.762051 #37374]  INFO -- : Response: 201 Created [text/plain] 
